[2016-05-25 01:05:03] slim-app.INFO: Point Quete list [] {"uid":"722cc18"}
[2016-05-25 01:05:03] slim-app.INFO: PointQuetes query [] {"uid":"722cc18"}
[2016-05-25 01:05:03] slim-app.INFO: Point Quete list [] {"uid":"a1a988b"}
[2016-05-25 01:05:03] slim-app.INFO: PointQuetes query [] {"uid":"a1a988b"}
[2016-05-25 01:05:12] slim-app.DEBUG: 2016-05-24 07:00:00 [] {"uid":"60b3c09"}
[2016-05-25 01:05:12] slim-app.DEBUG:  [] {"uid":"60b3c09"}
[2016-05-25 01:05:12] slim-app.DEBUG:  [] {"uid":"60b3c09"}
[2016-05-25 01:06:26] slim-app.DEBUG: 2016-05-24 07:00:00 [] {"uid":"6c88c2f"}
[2016-05-25 01:06:26] slim-app.DEBUG:  [] {"uid":"6c88c2f"}
[2016-05-25 01:06:26] slim-app.DEBUG:  [] {"uid":"6c88c2f"}
[2016-05-25 01:14:45] slim-app.DEBUG: 2016-05-24 07:00:00 [] {"uid":"e8c9ba0"}
[2016-05-25 01:14:45] slim-app.DEBUG:  [] {"uid":"e8c9ba0"}
[2016-05-25 01:14:45] slim-app.DEBUG:  [] {"uid":"e8c9ba0"}
[2016-05-25 01:20:30] slim-app.DEBUG: 2016-05-24 07:00:00 [] {"uid":"8396124"}
[2016-05-25 01:20:30] slim-app.DEBUG:  [] {"uid":"8396124"}
[2016-05-25 01:20:30] slim-app.DEBUG:  [] {"uid":"8396124"}
[2016-05-25 01:21:24] slim-app.DEBUG: 2016-05-24 07:00:00 [] {"uid":"185225c"}
[2016-05-25 01:21:24] slim-app.DEBUG:  [] {"uid":"185225c"}
[2016-05-25 01:21:24] slim-app.DEBUG:  [] {"uid":"185225c"}
[2016-05-25 01:23:33] slim-app.DEBUG: 2016-05-24 07:00:00 [] {"uid":"492e432"}
[2016-05-25 01:23:33] slim-app.DEBUG:  [] {"uid":"492e432"}
[2016-05-25 01:23:33] slim-app.DEBUG:  [] {"uid":"492e432"}
[2016-05-25 01:24:00] slim-app.DEBUG: 2016-05-24 07:00:00 [] {"uid":"7f938ed"}
[2016-05-25 01:24:00] slim-app.DEBUG:  [] {"uid":"7f938ed"}
[2016-05-25 01:24:00] slim-app.DEBUG:  [] {"uid":"7f938ed"}
[2016-05-25 01:24:28] slim-app.DEBUG: 2016-05-24 07:00:00 [] {"uid":"aa6e8ca"}
[2016-05-25 01:24:28] slim-app.DEBUG:  [] {"uid":"aa6e8ca"}
[2016-05-25 01:24:28] slim-app.DEBUG:  [] {"uid":"aa6e8ca"}
[2016-05-25 01:26:52] slim-app.DEBUG: 2016-05-24 07:00:00 [] {"uid":"fc3cbe9"}
[2016-05-25 01:26:52] slim-app.DEBUG:  [] {"uid":"fc3cbe9"}
[2016-05-25 01:26:52] slim-app.DEBUG:  [] {"uid":"fc3cbe9"}
[2016-05-25 01:28:17] slim-app.DEBUG: 2016-05-24 07:00:00 [] {"uid":"c39da4e"}
[2016-05-25 01:28:17] slim-app.DEBUG:  [] {"uid":"c39da4e"}
[2016-05-25 01:28:17] slim-app.DEBUG:  [] {"uid":"c39da4e"}
[2016-05-25 01:29:47] slim-app.DEBUG: 2016-05-24 07:00:00 [] {"uid":"71cdd12"}
[2016-05-25 01:29:47] slim-app.DEBUG:  [] {"uid":"71cdd12"}
[2016-05-25 01:29:47] slim-app.DEBUG:  [] {"uid":"71cdd12"}
[2016-05-25 01:30:20] slim-app.DEBUG: 2016-05-24 07:00:00 [] {"uid":"5401f0f"}
[2016-05-25 01:30:20] slim-app.DEBUG:  [] {"uid":"5401f0f"}
[2016-05-25 01:30:20] slim-app.DEBUG:  [] {"uid":"5401f0f"}
[2016-05-25 01:31:40] slim-app.DEBUG: 2016-05-24 07:00:00 [] {"uid":"6c6e960"}
[2016-05-25 01:31:40] slim-app.DEBUG:  [] {"uid":"6c6e960"}
[2016-05-25 01:31:40] slim-app.DEBUG:  [] {"uid":"6c6e960"}
[2016-05-25 01:34:18] slim-app.DEBUG: 2016-05-24 07:00:00 [] {"uid":"2f1a9e8"}
[2016-05-25 01:34:18] slim-app.DEBUG:  [] {"uid":"2f1a9e8"}
[2016-05-25 01:34:18] slim-app.DEBUG:  [] {"uid":"2f1a9e8"}
[2016-05-25 01:35:51] slim-app.DEBUG: 2016-05-24 07:00:00 [] {"uid":"c538a6e"}
[2016-05-25 01:35:51] slim-app.DEBUG:  [] {"uid":"c538a6e"}
[2016-05-25 01:35:51] slim-app.DEBUG:  [] {"uid":"c538a6e"}
[2016-05-25 01:53:10] slim-app.DEBUG: 2016-05-24 07:00:00 [] {"uid":"8aa06fc"}
[2016-05-25 01:53:10] slim-app.DEBUG:  [] {"uid":"8aa06fc"}
[2016-05-25 01:53:10] slim-app.DEBUG:  [] {"uid":"8aa06fc"}
[2016-05-25 01:54:32] slim-app.DEBUG: 2016-05-24 07:00:00 [] {"uid":"76301d6"}
[2016-05-25 01:54:32] slim-app.DEBUG:  [] {"uid":"76301d6"}
[2016-05-25 01:54:32] slim-app.DEBUG:  [] {"uid":"76301d6"}
[2016-05-25 01:54:59] slim-app.DEBUG: 2016-05-24 07:00:00 [] {"uid":"812121d"}
[2016-05-25 01:54:59] slim-app.DEBUG:  [] {"uid":"812121d"}
[2016-05-25 01:54:59] slim-app.DEBUG:  [] {"uid":"812121d"}
[2016-05-25 09:56:51] slim-app.INFO: Queteur list [] {"uid":"955aefd"}
[2016-05-25 09:56:51] slim-app.INFO: Queteur by search type '0'' [] {"uid":"955aefd"}
[2016-05-25 09:56:51] slim-app.INFO: Queteur list [] {"uid":"6278218"}
[2016-05-25 09:56:51] slim-app.INFO: Queteur by search type '0'' [] {"uid":"6278218"}
[2016-05-25 09:56:54] slim-app.INFO: Queteur list [] {"uid":"18c1bd0"}
[2016-05-25 09:56:54] slim-app.INFO: Queteur by search type '2'' [] {"uid":"18c1bd0"}
[2016-05-25 09:57:29] slim-app.INFO: Point Quete list [] {"uid":"51d0801"}
[2016-05-25 09:57:29] slim-app.INFO: PointQuetes query [] {"uid":"51d0801"}
[2016-05-25 09:57:29] slim-app.INFO: Point Quete list [] {"uid":"d817bfd"}
[2016-05-25 09:57:29] slim-app.INFO: PointQuetes query [] {"uid":"d817bfd"}
